<?xml version="1.0" encoding="UTF-8"?>
<coverage generated="1756632642776" clover="3.2.0">
  <project timestamp="1756632642777" name="All files">
    <metrics statements="146" coveredstatements="76" conditionals="32" coveredconditionals="17" methods="25" coveredmethods="14" elements="203" coveredelements="107" complexity="0" loc="146" ncloc="146" packages="1" files="1" classes="1"/>
    <file name="BrokerLogosBanner.tsx" path="/app/src/components/BrokerLogosBanner/BrokerLogosBanner.tsx">
      <metrics statements="146" coveredstatements="76" conditionals="32" coveredconditionals="17" methods="25" coveredmethods="14"/>
      <line num="1" count="1" type="stmt"/>
      <line num="2" count="1" type="stmt"/>
      <line num="13" count="1" type="stmt"/>
      <line num="15" count="37" type="stmt"/>
      <line num="16" count="37" type="stmt"/>
      <line num="17" count="37" type="stmt"/>
      <line num="20" count="37" type="stmt"/>
      <line num="21" count="37" type="stmt"/>
      <line num="24" count="37" type="stmt"/>
      <line num="25" count="37" type="stmt"/>
      <line num="28" count="37" type="stmt"/>
      <line num="29" count="37" type="stmt"/>
      <line num="30" count="37" type="stmt"/>
      <line num="31" count="37" type="stmt"/>
      <line num="32" count="37" type="stmt"/>
      <line num="33" count="37" type="stmt"/>
      <line num="36" count="37" type="stmt"/>
      <line num="49" count="37" type="stmt"/>
      <line num="50" count="10" type="cond" truecount="3" falsecount="1"/>
      <line num="52" count="10" type="stmt"/>
      <line num="53" count="10" type="stmt"/>
      <line num="54" count="10" type="stmt"/>
      <line num="57" count="0" type="cond" truecount="0" falsecount="1"/>
      <line num="58" count="0" type="stmt"/>
      <line num="61" count="0" type="stmt"/>
      <line num="62" count="0" type="stmt"/>
      <line num="64" count="0" type="stmt"/>
      <line num="65" count="0" type="stmt"/>
      <line num="68" count="0" type="stmt"/>
      <line num="69" count="0" type="cond" truecount="0" falsecount="1"/>
      <line num="70" count="0" type="stmt"/>
      <line num="73" count="0" type="stmt"/>
      <line num="76" count="0" type="stmt"/>
      <line num="79" count="0" type="stmt"/>
      <line num="80" count="0" type="stmt"/>
      <line num="86" count="37" type="stmt"/>
      <line num="87" count="2" type="cond" truecount="1" falsecount="0"/>
      <line num="88" count="2" type="stmt"/>
      <line num="89" count="2" type="stmt"/>
      <line num="91" count="2" type="stmt"/>
      <line num="98" count="37" type="stmt"/>
      <line num="99" count="0" type="stmt"/>
      <line num="100" count="0" type="stmt"/>
      <line num="101" count="0" type="stmt"/>
      <line num="103" count="0" type="stmt"/>
      <line num="104" count="0" type="stmt"/>
      <line num="105" count="0" type="stmt"/>
      <line num="107" count="0" type="cond" truecount="0" falsecount="1"/>
      <line num="109" count="0" type="stmt"/>
      <line num="110" count="0" type="stmt"/>
      <line num="113" count="0" type="cond" truecount="0" falsecount="1"/>
      <line num="114" count="0" type="stmt"/>
      <line num="115" count="0" type="stmt"/>
      <line num="116" count="0" type="stmt"/>
      <line num="118" count="0" type="stmt"/>
      <line num="122" count="0" type="stmt"/>
      <line num="123" count="0" type="stmt"/>
      <line num="124" count="0" type="stmt"/>
      <line num="127" count="0" type="stmt"/>
      <line num="128" count="0" type="stmt"/>
      <line num="131" count="0" type="stmt"/>
      <line num="132" count="0" type="cond" truecount="0" falsecount="1"/>
      <line num="133" count="0" type="stmt"/>
      <line num="135" count="0" type="cond" truecount="0" falsecount="1"/>
      <line num="136" count="0" type="stmt"/>
      <line num="139" count="0" type="stmt"/>
      <line num="143" count="0" type="stmt"/>
      <line num="147" count="0" type="stmt"/>
      <line num="153" count="37" type="stmt"/>
      <line num="154" count="2" type="stmt"/>
      <line num="155" count="2" type="stmt"/>
      <line num="157" count="2" type="stmt"/>
      <line num="158" count="2" type="stmt"/>
      <line num="159" count="2" type="stmt"/>
      <line num="162" count="2" type="stmt"/>
      <line num="165" count="2" type="stmt"/>
      <line num="166" count="2" type="stmt"/>
      <line num="169" count="2" type="stmt"/>
      <line num="170" count="2" type="stmt"/>
      <line num="176" count="37" type="stmt"/>
      <line num="177" count="0" type="cond" truecount="0" falsecount="1"/>
      <line num="179" count="0" type="stmt"/>
      <line num="180" count="0" type="stmt"/>
      <line num="182" count="0" type="stmt"/>
      <line num="183" count="0" type="stmt"/>
      <line num="186" count="0" type="stmt"/>
      <line num="187" count="0" type="stmt"/>
      <line num="188" count="0" type="cond" truecount="0" falsecount="1"/>
      <line num="190" count="0" type="stmt"/>
      <line num="191" count="0" type="stmt"/>
      <line num="194" count="0" type="stmt"/>
      <line num="195" count="0" type="stmt"/>
      <line num="196" count="0" type="stmt"/>
      <line num="203" count="0" type="stmt"/>
      <line num="206" count="0" type="stmt"/>
      <line num="207" count="0" type="stmt"/>
      <line num="210" count="0" type="stmt"/>
      <line num="216" count="37" type="stmt"/>
      <line num="217" count="2" type="cond" truecount="0" falsecount="1"/>
      <line num="219" count="2" type="stmt"/>
      <line num="222" count="2" type="stmt"/>
      <line num="223" count="2" type="cond" truecount="1" falsecount="1"/>
      <line num="224" count="0" type="stmt"/>
      <line num="225" count="0" type="stmt"/>
      <line num="226" count="0" type="stmt"/>
      <line num="227" count="0" type="stmt"/>
      <line num="229" count="2" type="stmt"/>
      <line num="231" count="2" type="cond" truecount="1" falsecount="0"/>
      <line num="232" count="2" type="stmt"/>
      <line num="233" count="2" type="stmt"/>
      <line num="234" count="2" type="stmt"/>
      <line num="240" count="37" type="stmt"/>
      <line num="242" count="17" type="cond" truecount="1" falsecount="0"/>
      <line num="243" count="17" type="stmt"/>
      <line num="244" count="17" type="stmt"/>
      <line num="245" count="17" type="stmt"/>
      <line num="248" count="17" type="stmt"/>
      <line num="249" count="17" type="cond" truecount="0" falsecount="1"/>
      <line num="250" count="0" type="stmt"/>
      <line num="256" count="37" type="stmt"/>
      <line num="257" count="17" type="cond" truecount="1" falsecount="0"/>
      <line num="258" count="17" type="stmt"/>
      <line num="263" count="37" type="stmt"/>
      <line num="264" count="37" type="stmt"/>
      <line num="265" count="1" type="cond" truecount="1" falsecount="0"/>
      <line num="266" count="1" type="stmt"/>
      <line num="267" count="1" type="stmt"/>
      <line num="271" count="37" type="stmt"/>
      <line num="272" count="0" type="cond" truecount="0" falsecount="1"/>
      <line num="273" count="0" type="stmt"/>
      <line num="275" count="0" type="stmt"/>
      <line num="278" count="0" type="stmt"/>
      <line num="279" count="0" type="stmt"/>
      <line num="281" count="0" type="stmt"/>
      <line num="282" count="0" type="stmt"/>
      <line num="294" count="0" type="stmt"/>
      <line num="298" count="37" type="stmt"/>
      <line num="299" count="37" type="stmt"/>
      <line num="301" count="37" type="stmt"/>
      <line num="302" count="37" type="stmt"/>
      <line num="303" count="37" type="stmt"/>
      <line num="307" count="37" type="stmt"/>
      <line num="324" count="259" type="stmt"/>
      <line num="335" count="259" type="stmt"/>
      <line num="346" count="259" type="stmt"/>
      <line num="359" count="1" type="stmt"/>
    </file>
  </project>
</coverage>
