{"/app/src/components/BrokerLogosBanner/BrokerLogosBanner.tsx": {"path":"/app/src/components/BrokerLogosBanner/BrokerLogosBanner.tsx","statementMap":{"0":{"start":{"line":1,"column":0},"end":{"line":1,"column":71}},"1":{"start":{"line":2,"column":0},"end":{"line":2,"column":51}},"2":{"start":{"line":13,"column":36},"end":{"line":357,"column":1}},"3":{"start":{"line":15,"column":38},"end":{"line":15,"column":53}},"4":{"start":{"line":16,"column":46},"end":{"line":16,"column":57}},"5":{"start":{"line":17,"column":50},"end":{"line":17,"column":65}},"6":{"start":{"line":20,"column":38},"end":{"line":20,"column":49}},"7":{"start":{"line":21,"column":50},"end":{"line":21,"column":61}},"8":{"start":{"line":24,"column":40},"end":{"line":24,"column":69}},"9":{"start":{"line":25,"column":50},"end":{"line":25,"column":61}},"10":{"start":{"line":28,"column":26},"end":{"line":28,"column":54}},"11":{"start":{"line":29,"column":24},"end":{"line":29,"column":41}},"12":{"start":{"line":30,"column":22},"end":{"line":30,"column":41}},"13":{"start":{"line":31,"column":23},"end":{"line":31,"column":40}},"14":{"start":{"line":32,"column":20},"end":{"line":32,"column":37}},"15":{"start":{"line":33,"column":28},"end":{"line":33,"column":45}},"16":{"start":{"line":36,"column":16},"end":{"line":44,"column":null}},"17":{"start":{"line":49,"column":24},"end":{"line":81,"column":50}},"18":{"start":{"line":50,"column":4},"end":{"line":55,"column":null}},"19":{"start":{"line":52,"column":26},"end":{"line":52,"column":62}},"20":{"start":{"line":53,"column":6},"end":{"line":53,"column":null}},"21":{"start":{"line":54,"column":6},"end":{"line":54,"column":12}},"22":{"start":{"line":57,"column":4},"end":{"line":59,"column":null}},"23":{"start":{"line":58,"column":6},"end":{"line":58,"column":null}},"24":{"start":{"line":61,"column":22},"end":{"line":61,"column":55}},"25":{"start":{"line":62,"column":19},"end":{"line":62,"column":60}},"26":{"start":{"line":64,"column":4},"end":{"line":74,"column":null}},"27":{"start":{"line":65,"column":25},"end":{"line":65,"column":38}},"28":{"start":{"line":68,"column":25},"end":{"line":68,"column":43}},"29":{"start":{"line":69,"column":6},"end":{"line":71,"column":null}},"30":{"start":{"line":70,"column":8},"end":{"line":70,"column":null}},"31":{"start":{"line":73,"column":6},"end":{"line":73,"column":null}},"32":{"start":{"line":76,"column":4},"end":{"line":76,"column":null}},"33":{"start":{"line":79,"column":24},"end":{"line":79,"column":60}},"34":{"start":{"line":80,"column":4},"end":{"line":80,"column":null}},"35":{"start":{"line":86,"column":24},"end":{"line":92,"column":19}},"36":{"start":{"line":87,"column":4},"end":{"line":90,"column":null}},"37":{"start":{"line":88,"column":6},"end":{"line":88,"column":null}},"38":{"start":{"line":89,"column":6},"end":{"line":89,"column":null}},"39":{"start":{"line":91,"column":4},"end":{"line":91,"column":null}},"40":{"start":{"line":98,"column":33},"end":{"line":148,"column":53}},"41":{"start":{"line":99,"column":22},"end":{"line":99,"column":32}},"42":{"start":{"line":100,"column":28},"end":{"line":100,"column":44}},"43":{"start":{"line":101,"column":29},"end":{"line":101,"column":33}},"44":{"start":{"line":103,"column":28},"end":{"line":144,"column":5}},"45":{"start":{"line":104,"column":22},"end":{"line":104,"column":44}},"46":{"start":{"line":105,"column":23},"end":{"line":105,"column":49}},"47":{"start":{"line":107,"column":6},"end":{"line":119,"column":null}},"48":{"start":{"line":109,"column":8},"end":{"line":109,"column":null}},"49":{"start":{"line":110,"column":8},"end":{"line":110,"column":null}},"50":{"start":{"line":113,"column":8},"end":{"line":117,"column":null}},"51":{"start":{"line":114,"column":10},"end":{"line":114,"column":null}},"52":{"start":{"line":115,"column":30},"end":{"line":115,"column":66}},"53":{"start":{"line":116,"column":10},"end":{"line":116,"column":null}},"54":{"start":{"line":118,"column":8},"end":{"line":118,"column":14}},"55":{"start":{"line":122,"column":22},"end":{"line":122,"column":47}},"56":{"start":{"line":123,"column":30},"end":{"line":123,"column":55}},"57":{"start":{"line":124,"column":6},"end":{"line":124,"column":null}},"58":{"start":{"line":127,"column":6},"end":{"line":140,"column":null}},"59":{"start":{"line":128,"column":27},"end":{"line":128,"column":49}},"60":{"start":{"line":131,"column":27},"end":{"line":131,"column":45}},"61":{"start":{"line":132,"column":8},"end":{"line":134,"column":null}},"62":{"start":{"line":133,"column":10},"end":{"line":133,"column":null}},"63":{"start":{"line":135,"column":8},"end":{"line":137,"column":null}},"64":{"start":{"line":136,"column":10},"end":{"line":136,"column":null}},"65":{"start":{"line":139,"column":8},"end":{"line":139,"column":null}},"66":{"start":{"line":143,"column":6},"end":{"line":143,"column":null}},"67":{"start":{"line":147,"column":4},"end":{"line":147,"column":null}},"68":{"start":{"line":153,"column":26},"end":{"line":171,"column":3}},"69":{"start":{"line":154,"column":4},"end":{"line":154,"column":null}},"70":{"start":{"line":155,"column":4},"end":{"line":155,"column":null}},"71":{"start":{"line":157,"column":4},"end":{"line":157,"column":null}},"72":{"start":{"line":158,"column":4},"end":{"line":158,"column":null}},"73":{"start":{"line":159,"column":4},"end":{"line":159,"column":null}},"74":{"start":{"line":162,"column":4},"end":{"line":162,"column":null}},"75":{"start":{"line":165,"column":4},"end":{"line":165,"column":null}},"76":{"start":{"line":166,"column":4},"end":{"line":166,"column":null}},"77":{"start":{"line":169,"column":4},"end":{"line":169,"column":null}},"78":{"start":{"line":170,"column":4},"end":{"line":170,"column":null}},"79":{"start":{"line":176,"column":26},"end":{"line":211,"column":3}},"80":{"start":{"line":177,"column":4},"end":{"line":177,"column":27}},"81":{"start":{"line":177,"column":21},"end":{"line":177,"column":27}},"82":{"start":{"line":179,"column":4},"end":{"line":179,"column":null}},"83":{"start":{"line":180,"column":4},"end":{"line":180,"column":null}},"84":{"start":{"line":182,"column":19},"end":{"line":182,"column":41}},"85":{"start":{"line":183,"column":23},"end":{"line":183,"column":48}},"86":{"start":{"line":186,"column":24},"end":{"line":186,"column":34}},"87":{"start":{"line":187,"column":22},"end":{"line":187,"column":56}},"88":{"start":{"line":188,"column":4},"end":{"line":204,"column":null}},"89":{"start":{"line":190,"column":29},"end":{"line":190,"column":51}},"90":{"start":{"line":191,"column":29},"end":{"line":191,"column":63}},"91":{"start":{"line":194,"column":23},"end":{"line":194,"column":62}},"92":{"start":{"line":195,"column":29},"end":{"line":195,"column":64}},"93":{"start":{"line":196,"column":6},"end":{"line":202,"column":null}},"94":{"start":{"line":203,"column":6},"end":{"line":203,"column":null}},"95":{"start":{"line":206,"column":4},"end":{"line":206,"column":null}},"96":{"start":{"line":207,"column":4},"end":{"line":207,"column":null}},"97":{"start":{"line":210,"column":4},"end":{"line":210,"column":null}},"98":{"start":{"line":216,"column":24},"end":{"line":237,"column":3}},"99":{"start":{"line":217,"column":4},"end":{"line":217,"column":27}},"100":{"start":{"line":217,"column":21},"end":{"line":217,"column":27}},"101":{"start":{"line":219,"column":4},"end":{"line":219,"column":null}},"102":{"start":{"line":222,"column":4},"end":{"line":222,"column":null}},"103":{"start":{"line":223,"column":4},"end":{"line":236,"column":null}},"104":{"start":{"line":224,"column":6},"end":{"line":224,"column":null}},"105":{"start":{"line":225,"column":6},"end":{"line":225,"column":null}},"106":{"start":{"line":226,"column":6},"end":{"line":226,"column":null}},"107":{"start":{"line":227,"column":6},"end":{"line":227,"column":null}},"108":{"start":{"line":229,"column":6},"end":{"line":229,"column":null}},"109":{"start":{"line":231,"column":6},"end":{"line":235,"column":null}},"110":{"start":{"line":232,"column":8},"end":{"line":232,"column":null}},"111":{"start":{"line":233,"column":28},"end":{"line":233,"column":64}},"112":{"start":{"line":234,"column":8},"end":{"line":234,"column":null}},"113":{"start":{"line":240,"column":2},"end":{"line":253,"column":9}},"114":{"start":{"line":242,"column":4},"end":{"line":246,"column":null}},"115":{"start":{"line":243,"column":6},"end":{"line":243,"column":null}},"116":{"start":{"line":244,"column":26},"end":{"line":244,"column":62}},"117":{"start":{"line":245,"column":6},"end":{"line":245,"column":null}},"118":{"start":{"line":248,"column":4},"end":{"line":252,"column":null}},"119":{"start":{"line":249,"column":6},"end":{"line":251,"column":null}},"120":{"start":{"line":250,"column":8},"end":{"line":250,"column":null}},"121":{"start":{"line":256,"column":2},"end":{"line":260,"column":null}},"122":{"start":{"line":257,"column":4},"end":{"line":259,"column":null}},"123":{"start":{"line":258,"column":6},"end":{"line":258,"column":null}},"124":{"start":{"line":263,"column":2},"end":{"line":305,"column":null}},"125":{"start":{"line":264,"column":32},"end":{"line":269,"column":5}},"126":{"start":{"line":265,"column":6},"end":{"line":268,"column":null}},"127":{"start":{"line":266,"column":8},"end":{"line":266,"column":null}},"128":{"start":{"line":267,"column":8},"end":{"line":267,"column":null}},"129":{"start":{"line":271,"column":34},"end":{"line":296,"column":5}},"130":{"start":{"line":272,"column":6},"end":{"line":295,"column":null}},"131":{"start":{"line":273,"column":8},"end":{"line":273,"column":null}},"132":{"start":{"line":275,"column":27},"end":{"line":293,"column":null}},"133":{"start":{"line":278,"column":32},"end":{"line":278,"column":50}},"134":{"start":{"line":279,"column":33},"end":{"line":279,"column":52}},"135":{"start":{"line":281,"column":36},"end":{"line":281,"column":54}},"136":{"start":{"line":282,"column":38},"end":{"line":282,"column":43}},"137":{"start":{"line":294,"column":8},"end":{"line":294,"column":null}},"138":{"start":{"line":298,"column":4},"end":{"line":298,"column":null}},"139":{"start":{"line":299,"column":4},"end":{"line":299,"column":null}},"140":{"start":{"line":301,"column":4},"end":{"line":304,"column":null}},"141":{"start":{"line":302,"column":6},"end":{"line":302,"column":null}},"142":{"start":{"line":303,"column":6},"end":{"line":303,"column":null}},"143":{"start":{"line":307,"column":2},"end":{"line":356,"column":null}},"144":{"start":{"line":324,"column":10},"end":{"line":324,"column":37}},"145":{"start":{"line":335,"column":10},"end":{"line":335,"column":37}},"146":{"start":{"line":346,"column":10},"end":{"line":346,"column":37}},"147":{"start":{"line":359,"column":0},"end":{"line":359,"column":null}}},"fnMap":{"0":{"name":"(anonymous_1)","decl":{"start":{"line":13,"column":36},"end":{"line":13,"column":39}},"loc":{"start":{"line":13,"column":41},"end":{"line":357,"column":1}}},"1":{"name":"(anonymous_2)","decl":{"start":{"line":49,"column":36},"end":{"line":49,"column":37}},"loc":{"start":{"line":49,"column":58},"end":{"line":81,"column":3}}},"2":{"name":"(anonymous_3)","decl":{"start":{"line":64,"column":22},"end":{"line":64,"column":26}},"loc":{"start":{"line":64,"column":29},"end":{"line":74,"column":5}}},"3":{"name":"(anonymous_4)","decl":{"start":{"line":86,"column":36},"end":{"line":86,"column":39}},"loc":{"start":{"line":86,"column":41},"end":{"line":92,"column":3}}},"4":{"name":"(anonymous_5)","decl":{"start":{"line":98,"column":45},"end":{"line":98,"column":48}},"loc":{"start":{"line":98,"column":50},"end":{"line":148,"column":3}}},"5":{"name":"(anonymous_6)","decl":{"start":{"line":103,"column":28},"end":{"line":103,"column":31}},"loc":{"start":{"line":103,"column":33},"end":{"line":144,"column":5}}},"6":{"name":"(anonymous_7)","decl":{"start":{"line":127,"column":24},"end":{"line":127,"column":28}},"loc":{"start":{"line":127,"column":31},"end":{"line":140,"column":7}}},"7":{"name":"(anonymous_8)","decl":{"start":{"line":153,"column":26},"end":{"line":153,"column":27}},"loc":{"start":{"line":153,"column":50},"end":{"line":171,"column":3}}},"8":{"name":"(anonymous_9)","decl":{"start":{"line":176,"column":26},"end":{"line":176,"column":27}},"loc":{"start":{"line":176,"column":50},"end":{"line":211,"column":3}}},"9":{"name":"(anonymous_10)","decl":{"start":{"line":216,"column":24},"end":{"line":216,"column":27}},"loc":{"start":{"line":216,"column":29},"end":{"line":237,"column":3}}},"10":{"name":"(anonymous_11)","decl":{"start":{"line":240,"column":12},"end":{"line":240,"column":15}},"loc":{"start":{"line":240,"column":17},"end":{"line":253,"column":3}}},"11":{"name":"(anonymous_12)","decl":{"start":{"line":248,"column":11},"end":{"line":248,"column":14}},"loc":{"start":{"line":248,"column":16},"end":{"line":252,"column":5}}},"12":{"name":"(anonymous_13)","decl":{"start":{"line":256,"column":12},"end":{"line":256,"column":15}},"loc":{"start":{"line":256,"column":17},"end":{"line":260,"column":3}}},"13":{"name":"(anonymous_14)","decl":{"start":{"line":263,"column":12},"end":{"line":263,"column":15}},"loc":{"start":{"line":263,"column":17},"end":{"line":305,"column":3}}},"14":{"name":"(anonymous_15)","decl":{"start":{"line":264,"column":32},"end":{"line":264,"column":33}},"loc":{"start":{"line":264,"column":50},"end":{"line":269,"column":5}}},"15":{"name":"(anonymous_16)","decl":{"start":{"line":271,"column":34},"end":{"line":271,"column":35}},"loc":{"start":{"line":271,"column":52},"end":{"line":296,"column":5}}},"16":{"name":"(anonymous_17)","decl":{"start":{"line":278,"column":26},"end":{"line":278,"column":29}},"loc":{"start":{"line":278,"column":32},"end":{"line":278,"column":50}}},"17":{"name":"(anonymous_18)","decl":{"start":{"line":279,"column":27},"end":{"line":279,"column":30}},"loc":{"start":{"line":279,"column":33},"end":{"line":279,"column":52}}},"18":{"name":"(anonymous_19)","decl":{"start":{"line":281,"column":30},"end":{"line":281,"column":33}},"loc":{"start":{"line":281,"column":36},"end":{"line":281,"column":54}}},"19":{"name":"(anonymous_20)","decl":{"start":{"line":282,"column":32},"end":{"line":282,"column":35}},"loc":{"start":{"line":282,"column":38},"end":{"line":282,"column":43}}},"20":{"name":"(anonymous_21)","decl":{"start":{"line":283,"column":19},"end":{"line":283,"column":22}},"loc":{"start":{"line":283,"column":24},"end":{"line":283,"column":27}}},"21":{"name":"(anonymous_22)","decl":{"start":{"line":301,"column":11},"end":{"line":301,"column":14}},"loc":{"start":{"line":301,"column":16},"end":{"line":304,"column":5}}},"22":{"name":"(anonymous_23)","decl":{"start":{"line":323,"column":19},"end":{"line":323,"column":20}},"loc":{"start":{"line":324,"column":10},"end":{"line":324,"column":37}}},"23":{"name":"(anonymous_24)","decl":{"start":{"line":334,"column":19},"end":{"line":334,"column":20}},"loc":{"start":{"line":335,"column":10},"end":{"line":335,"column":37}}},"24":{"name":"(anonymous_25)","decl":{"start":{"line":345,"column":19},"end":{"line":345,"column":20}},"loc":{"start":{"line":346,"column":10},"end":{"line":346,"column":37}}}},"branchMap":{"0":{"loc":{"start":{"line":50,"column":4},"end":{"line":55,"column":null}},"type":"if","locations":[{"start":{"line":50,"column":4},"end":{"line":55,"column":null}}]},"1":{"loc":{"start":{"line":50,"column":8},"end":{"line":50,"column":66}},"type":"binary-expr","locations":[{"start":{"line":50,"column":8},"end":{"line":50,"column":32}},{"start":{"line":50,"column":36},"end":{"line":50,"column":46}},{"start":{"line":50,"column":50},"end":{"line":50,"column":66}}]},"2":{"loc":{"start":{"line":57,"column":4},"end":{"line":59,"column":null}},"type":"if","locations":[{"start":{"line":57,"column":4},"end":{"line":59,"column":null}}]},"3":{"loc":{"start":{"line":69,"column":6},"end":{"line":71,"column":null}},"type":"if","locations":[{"start":{"line":69,"column":6},"end":{"line":71,"column":null}}]},"4":{"loc":{"start":{"line":87,"column":4},"end":{"line":90,"column":null}},"type":"if","locations":[{"start":{"line":87,"column":4},"end":{"line":90,"column":null}}]},"5":{"loc":{"start":{"line":107,"column":6},"end":{"line":119,"column":null}},"type":"if","locations":[{"start":{"line":107,"column":6},"end":{"line":119,"column":null}}]},"6":{"loc":{"start":{"line":113,"column":8},"end":{"line":117,"column":null}},"type":"if","locations":[{"start":{"line":113,"column":8},"end":{"line":117,"column":null}}]},"7":{"loc":{"start":{"line":132,"column":8},"end":{"line":134,"column":null}},"type":"if","locations":[{"start":{"line":132,"column":8},"end":{"line":134,"column":null}}]},"8":{"loc":{"start":{"line":135,"column":8},"end":{"line":137,"column":null}},"type":"if","locations":[{"start":{"line":135,"column":8},"end":{"line":137,"column":null}}]},"9":{"loc":{"start":{"line":177,"column":4},"end":{"line":177,"column":27}},"type":"if","locations":[{"start":{"line":177,"column":4},"end":{"line":177,"column":27}}]},"10":{"loc":{"start":{"line":188,"column":4},"end":{"line":204,"column":null}},"type":"if","locations":[{"start":{"line":188,"column":4},"end":{"line":204,"column":null}}]},"11":{"loc":{"start":{"line":201,"column":23},"end":{"line":201,"column":60}},"type":"cond-expr","locations":[{"start":{"line":201,"column":44},"end":{"line":201,"column":51}},{"start":{"line":201,"column":54},"end":{"line":201,"column":60}}]},"12":{"loc":{"start":{"line":217,"column":4},"end":{"line":217,"column":27}},"type":"if","locations":[{"start":{"line":217,"column":4},"end":{"line":217,"column":27}}]},"13":{"loc":{"start":{"line":223,"column":4},"end":{"line":236,"column":null}},"type":"if","locations":[{"start":{"line":223,"column":4},"end":{"line":236,"column":null}},{"start":{"line":228,"column":11},"end":{"line":236,"column":null}}]},"14":{"loc":{"start":{"line":231,"column":6},"end":{"line":235,"column":null}},"type":"if","locations":[{"start":{"line":231,"column":6},"end":{"line":235,"column":null}}]},"15":{"loc":{"start":{"line":242,"column":4},"end":{"line":246,"column":null}},"type":"if","locations":[{"start":{"line":242,"column":4},"end":{"line":246,"column":null}}]},"16":{"loc":{"start":{"line":249,"column":6},"end":{"line":251,"column":null}},"type":"if","locations":[{"start":{"line":249,"column":6},"end":{"line":251,"column":null}}]},"17":{"loc":{"start":{"line":257,"column":4},"end":{"line":259,"column":null}},"type":"if","locations":[{"start":{"line":257,"column":4},"end":{"line":259,"column":null}}]},"18":{"loc":{"start":{"line":265,"column":6},"end":{"line":268,"column":null}},"type":"if","locations":[{"start":{"line":265,"column":6},"end":{"line":268,"column":null}}]},"19":{"loc":{"start":{"line":272,"column":6},"end":{"line":295,"column":null}},"type":"if","locations":[{"start":{"line":272,"column":6},"end":{"line":295,"column":null}}]},"20":{"loc":{"start":{"line":317,"column":18},"end":{"line":317,"column":50}},"type":"cond-expr","locations":[{"start":{"line":317,"column":31},"end":{"line":317,"column":41}},{"start":{"line":317,"column":44},"end":{"line":317,"column":50}}]},"21":{"loc":{"start":{"line":328,"column":43},"end":{"line":328,"column":91}},"type":"cond-expr","locations":[{"start":{"line":328,"column":72},"end":{"line":328,"column":86}},{"start":{"line":328,"column":89},"end":{"line":328,"column":91}}]},"22":{"loc":{"start":{"line":339,"column":43},"end":{"line":339,"column":91}},"type":"cond-expr","locations":[{"start":{"line":339,"column":72},"end":{"line":339,"column":86}},{"start":{"line":339,"column":89},"end":{"line":339,"column":91}}]},"23":{"loc":{"start":{"line":350,"column":43},"end":{"line":350,"column":91}},"type":"cond-expr","locations":[{"start":{"line":350,"column":72},"end":{"line":350,"column":86}},{"start":{"line":350,"column":89},"end":{"line":350,"column":91}}]}},"s":{"0":1,"1":1,"2":1,"3":37,"4":37,"5":37,"6":37,"7":37,"8":37,"9":37,"10":37,"11":37,"12":37,"13":37,"14":37,"15":37,"16":37,"17":37,"18":10,"19":10,"20":10,"21":10,"22":0,"23":0,"24":0,"25":0,"26":0,"27":0,"28":0,"29":0,"30":0,"31":0,"32":0,"33":0,"34":0,"35":37,"36":2,"37":2,"38":2,"39":2,"40":37,"41":0,"42":0,"43":0,"44":0,"45":0,"46":0,"47":0,"48":0,"49":0,"50":0,"51":0,"52":0,"53":0,"54":0,"55":0,"56":0,"57":0,"58":0,"59":0,"60":0,"61":0,"62":0,"63":0,"64":0,"65":0,"66":0,"67":0,"68":37,"69":2,"70":2,"71":2,"72":2,"73":2,"74":2,"75":2,"76":2,"77":2,"78":2,"79":37,"80":0,"81":0,"82":0,"83":0,"84":0,"85":0,"86":0,"87":0,"88":0,"89":0,"90":0,"91":0,"92":0,"93":0,"94":0,"95":0,"96":0,"97":0,"98":37,"99":2,"100":0,"101":2,"102":2,"103":2,"104":0,"105":0,"106":0,"107":0,"108":2,"109":2,"110":2,"111":2,"112":2,"113":37,"114":17,"115":17,"116":17,"117":17,"118":17,"119":17,"120":0,"121":37,"122":17,"123":17,"124":37,"125":37,"126":1,"127":1,"128":1,"129":37,"130":0,"131":0,"132":0,"133":0,"134":0,"135":0,"136":0,"137":0,"138":37,"139":37,"140":37,"141":37,"142":37,"143":37,"144":259,"145":259,"146":259,"147":1},"f":{"0":37,"1":10,"2":0,"3":2,"4":0,"5":0,"6":0,"7":2,"8":0,"9":2,"10":17,"11":17,"12":17,"13":37,"14":1,"15":0,"16":0,"17":0,"18":0,"19":0,"20":0,"21":37,"22":259,"23":259,"24":259},"b":{"0":[10],"1":[10,2,0],"2":[0],"3":[0],"4":[2],"5":[0],"6":[0],"7":[0],"8":[0],"9":[0],"10":[0],"11":[0,0],"12":[0],"13":[0,2],"14":[2],"15":[17],"16":[0],"17":[17],"18":[1],"19":[0],"20":[2,35],"21":[37,222],"22":[37,222],"23":[37,222]}}
}
