TN:
SF:src/components/BrokerLogosBanner/BrokerLogosBanner.tsx
FN:13,(anonymous_1)
FN:49,(anonymous_2)
FN:64,(anonymous_3)
FN:86,(anonymous_4)
FN:98,(anonymous_5)
FN:103,(anonymous_6)
FN:127,(anonymous_7)
FN:153,(anonymous_8)
FN:176,(anonymous_9)
FN:216,(anonymous_10)
FN:240,(anonymous_11)
FN:248,(anonymous_12)
FN:256,(anonymous_13)
FN:263,(anonymous_14)
FN:264,(anonymous_15)
FN:271,(anonymous_16)
FN:278,(anonymous_17)
FN:279,(anonymous_18)
FN:281,(anonymous_19)
FN:282,(anonymous_20)
FN:283,(anonymous_21)
FN:301,(anonymous_22)
FN:323,(anonymous_23)
FN:334,(anonymous_24)
FN:345,(anonymous_25)
FNF:25
FNH:14
FNDA:37,(anonymous_1)
FNDA:10,(anonymous_2)
FNDA:0,(anonymous_3)
FNDA:2,(anonymous_4)
FNDA:0,(anonymous_5)
FNDA:0,(anonymous_6)
FNDA:0,(anonymous_7)
FNDA:2,(anonymous_8)
FNDA:0,(anonymous_9)
FNDA:2,(anonymous_10)
FNDA:17,(anonymous_11)
FNDA:17,(anonymous_12)
FNDA:17,(anonymous_13)
FNDA:37,(anonymous_14)
FNDA:1,(anonymous_15)
FNDA:0,(anonymous_16)
FNDA:0,(anonymous_17)
FNDA:0,(anonymous_18)
FNDA:0,(anonymous_19)
FNDA:0,(anonymous_20)
FNDA:0,(anonymous_21)
FNDA:37,(anonymous_22)
FNDA:259,(anonymous_23)
FNDA:259,(anonymous_24)
FNDA:259,(anonymous_25)
DA:1,1
DA:2,1
DA:13,1
DA:15,37
DA:16,37
DA:17,37
DA:20,37
DA:21,37
DA:24,37
DA:25,37
DA:28,37
DA:29,37
DA:30,37
DA:31,37
DA:32,37
DA:33,37
DA:36,37
DA:49,37
DA:50,10
DA:52,10
DA:53,10
DA:54,10
DA:57,0
DA:58,0
DA:61,0
DA:62,0
DA:64,0
DA:65,0
DA:68,0
DA:69,0
DA:70,0
DA:73,0
DA:76,0
DA:79,0
DA:80,0
DA:86,37
DA:87,2
DA:88,2
DA:89,2
DA:91,2
DA:98,37
DA:99,0
DA:100,0
DA:101,0
DA:103,0
DA:104,0
DA:105,0
DA:107,0
DA:109,0
DA:110,0
DA:113,0
DA:114,0
DA:115,0
DA:116,0
DA:118,0
DA:122,0
DA:123,0
DA:124,0
DA:127,0
DA:128,0
DA:131,0
DA:132,0
DA:133,0
DA:135,0
DA:136,0
DA:139,0
DA:143,0
DA:147,0
DA:153,37
DA:154,2
DA:155,2
DA:157,2
DA:158,2
DA:159,2
DA:162,2
DA:165,2
DA:166,2
DA:169,2
DA:170,2
DA:176,37
DA:177,0
DA:179,0
DA:180,0
DA:182,0
DA:183,0
DA:186,0
DA:187,0
DA:188,0
DA:190,0
DA:191,0
DA:194,0
DA:195,0
DA:196,0
DA:203,0
DA:206,0
DA:207,0
DA:210,0
DA:216,37
DA:217,2
DA:219,2
DA:222,2
DA:223,2
DA:224,0
DA:225,0
DA:226,0
DA:227,0
DA:229,2
DA:231,2
DA:232,2
DA:233,2
DA:234,2
DA:240,37
DA:242,17
DA:243,17
DA:244,17
DA:245,17
DA:248,17
DA:249,17
DA:250,0
DA:256,37
DA:257,17
DA:258,17
DA:263,37
DA:264,37
DA:265,1
DA:266,1
DA:267,1
DA:271,37
DA:272,0
DA:273,0
DA:275,0
DA:278,0
DA:279,0
DA:281,0
DA:282,0
DA:294,0
DA:298,37
DA:299,37
DA:301,37
DA:302,37
DA:303,37
DA:307,37
DA:324,259
DA:335,259
DA:346,259
DA:359,1
LF:146
LH:76
BRDA:50,0,0,10
BRDA:50,1,0,10
BRDA:50,1,1,2
BRDA:50,1,2,0
BRDA:57,2,0,0
BRDA:69,3,0,0
BRDA:87,4,0,2
BRDA:107,5,0,0
BRDA:113,6,0,0
BRDA:132,7,0,0
BRDA:135,8,0,0
BRDA:177,9,0,0
BRDA:188,10,0,0
BRDA:201,11,0,0
BRDA:201,11,1,0
BRDA:217,12,0,0
BRDA:223,13,0,0
BRDA:223,13,1,2
BRDA:231,14,0,2
BRDA:242,15,0,17
BRDA:249,16,0,0
BRDA:257,17,0,17
BRDA:265,18,0,1
BRDA:272,19,0,0
BRDA:317,20,0,2
BRDA:317,20,1,35
BRDA:328,21,0,37
BRDA:328,21,1,222
BRDA:339,22,0,37
BRDA:339,22,1,222
BRDA:350,23,0,37
BRDA:350,23,1,222
BRF:32
BRH:17
end_of_record
